# JRE version: OpenJDK Runtime Environment (8.0_202-b03) (build 1.8.0_202-release-1483-b03)
# Java VM: OpenJDK 64-Bit Server VM (25.202-b03 mixed mode windows-amd64 compressed oops)
Heap:
 PSYoungGen      total 92160K, used 47558K [0x00000000f5580000, 0x00000000fbf80000, 0x0000000100000000)
  eden space 79872K, 59% used [0x00000000f5580000,0x00000000f83f1808,0x00000000fa380000)
  from space 12288K, 0% used [0x00000000fb000000,0x00000000fb000000,0x00000000fbc00000)
  to   space 12800K, 0% used [0x00000000fa380000,0x00000000fa380000,0x00000000fb000000)
 ParOldGen       total 175104K, used 31811K [0x00000000e0000000, 0x00000000eab00000, 0x00000000f5580000)
  object space 175104K, 18% used [0x00000000e0000000,0x00000000e1f10fe0,0x00000000eab00000)
 Metaspace       used 61173K, capacity 63060K, committed 63104K, reserved 1103872K
  class space    used 8383K, capacity 8816K, committed 8832K, reserved 1048576K
GC Heap History (10 events):
Event: 32.101 GC heap before
{Heap before GC invocations=9 (full 2):
 PSYoungGen      total 72704K, used 62464K [0x00000000f5580000, 0x00000000faa80000, 0x0000000100000000)
  eden space 62464K, 100% used [0x00000000f5580000,0x00000000f9280000,0x00000000f9280000)
  from space 10240K, 0% used [0x00000000fa080000,0x00000000fa080000,0x00000000faa80000)
  to   space 12288K, 0% used [0x00000000f9280000,0x00000000f9280000,0x00000000f9e80000)
 ParOldGen       total 175104K, used 16493K [0x00000000e0000000, 0x00000000eab00000, 0x00000000f5580000)
  object space 175104K, 9% used [0x00000000e0000000,0x00000000e101b408,0x00000000eab00000)
 Metaspace       used 41798K, capacity 42748K, committed 42880K, reserved 1085440K
  class space    used 5638K, capacity 5916K, committed 6016K, reserved 1048576K
Event: 32.105 GC heap after
Heap after GC invocations=9 (full 2):
 PSYoungGen      total 74752K, used 8309K [0x00000000f5580000, 0x00000000fbc00000, 0x0000000100000000)
  eden space 62464K, 0% used [0x00000000f5580000,0x00000000f5580000,0x00000000f9280000)
  from space 12288K, 67% used [0x00000000f9280000,0x00000000f9a9d730,0x00000000f9e80000)
  to   space 12288K, 0% used [0x00000000fb000000,0x00000000fb000000,0x00000000fbc00000)
 ParOldGen       total 175104K, used 16501K [0x00000000e0000000, 0x00000000eab00000, 0x00000000f5580000)
  object space 175104K, 9% used [0x00000000e0000000,0x00000000e101d408,0x00000000eab00000)
 Metaspace       used 41798K, capacity 42748K, committed 42880K, reserved 1085440K
  class space    used 5638K, capacity 5916K, committed 6016K, reserved 1048576K
}
Event: 32.699 GC heap before
{Heap before GC invocations=10 (full 2):
 PSYoungGen      total 74752K, used 70773K [0x00000000f5580000, 0x00000000fbc00000, 0x0000000100000000)
  eden space 62464K, 100% used [0x00000000f5580000,0x00000000f9280000,0x00000000f9280000)
  from space 12288K, 67% used [0x00000000f9280000,0x00000000f9a9d730,0x00000000f9e80000)
  to   space 12288K, 0% used [0x00000000fb000000,0x00000000fb000000,0x00000000fbc00000)
 ParOldGen       total 175104K, used 16501K [0x00000000e0000000, 0x00000000eab00000, 0x00000000f5580000)
  object space 175104K, 9% used [0x00000000e0000000,0x00000000e101d408,0x00000000eab00000)
 Metaspace       used 46220K, capacity 47284K, committed 47488K, reserved 1089536K
  class space    used 6216K, capacity 6516K, committed 6528K, reserved 1048576K
Event: 32.706 GC heap after
Heap after GC invocations=10 (full 2):
 PSYoungGen      total 92160K, used 11092K [0x00000000f5580000, 0x00000000fbf80000, 0x0000000100000000)
  eden space 79872K, 0% used [0x00000000f5580000,0x00000000f5580000,0x00000000fa380000)
  from space 12288K, 90% used [0x00000000fb000000,0x00000000fbad5318,0x00000000fbc00000)
  to   space 12800K, 0% used [0x00000000fa380000,0x00000000fa380000,0x00000000fb000000)
 ParOldGen       total 175104K, used 16509K [0x00000000e0000000, 0x00000000eab00000, 0x00000000f5580000)
  object space 175104K, 9% used [0x00000000e0000000,0x00000000e101f408,0x00000000eab00000)
 Metaspace       used 46220K, capacity 47284K, committed 47488K, reserved 1089536K
  class space    used 6216K, capacity 6516K, committed 6528K, reserved 1048576K
}
Event: 33.467 GC heap before
{Heap before GC invocations=11 (full 2):
 PSYoungGen      total 92160K, used 90964K [0x00000000f5580000, 0x00000000fbf80000, 0x0000000100000000)
  eden space 79872K, 100% used [0x00000000f5580000,0x00000000fa380000,0x00000000fa380000)
  from space 12288K, 90% used [0x00000000fb000000,0x00000000fbad5318,0x00000000fbc00000)
  to   space 12800K, 0% used [0x00000000fa380000,0x00000000fa380000,0x00000000fb000000)
 ParOldGen       total 175104K, used 16509K [0x00000000e0000000, 0x00000000eab00000, 0x00000000f5580000)
  object space 175104K, 9% used [0x00000000e0000000,0x00000000e101f408,0x00000000eab00000)
 Metaspace       used 52514K, capacity 54020K, committed 54144K, reserved 1095680K
  class space    used 7103K, capacity 7488K, committed 7552K, reserved 1048576K
Event: 33.478 GC heap after
Heap after GC invocations=11 (full 2):
 PSYoungGen      total 92672K, used 12796K [0x00000000f5580000, 0x00000000fbf80000, 0x0000000100000000)
  eden space 79872K, 0% used [0x00000000f5580000,0x00000000f5580000,0x00000000fa380000)
  from space 12800K, 99% used [0x00000000fa380000,0x00000000fafff0b8,0x00000000fb000000)
  to   space 12288K, 0% used [0x00000000fb000000,0x00000000fb000000,0x00000000fbc00000)
 ParOldGen       total 175104K, used 20647K [0x00000000e0000000, 0x00000000eab00000, 0x00000000f5580000)
  object space 175104K, 11% used [0x00000000e0000000,0x00000000e1429c30,0x00000000eab00000)
 Metaspace       used 52514K, capacity 54020K, committed 54144K, reserved 1095680K
  class space    used 7103K, capacity 7488K, committed 7552K, reserved 1048576K
}
Event: 34.032 GC heap before
{Heap before GC invocations=12 (full 2):
 PSYoungGen      total 92672K, used 75148K [0x00000000f5580000, 0x00000000fbf80000, 0x0000000100000000)
  eden space 79872K, 78% used [0x00000000f5580000,0x00000000f9263f90,0x00000000fa380000)
  from space 12800K, 99% used [0x00000000fa380000,0x00000000fafff0b8,0x00000000fb000000)
  to   space 12288K, 0% used [0x00000000fb000000,0x00000000fb000000,0x00000000fbc00000)
 ParOldGen       total 175104K, used 20647K [0x00000000e0000000, 0x00000000eab00000, 0x00000000f5580000)
  object space 175104K, 11% used [0x00000000e0000000,0x00000000e1429c30,0x00000000eab00000)
 Metaspace       used 57380K, capacity 58966K, committed 59096K, reserved 1099776K
  class space    used 7808K, capacity 8239K, committed 8320K, reserved 1048576K
Event: 34.057 GC heap after
Heap after GC invocations=12 (full 2):
 PSYoungGen      total 92160K, used 12277K [0x00000000f5580000, 0x00000000fbf80000, 0x0000000100000000)
  eden space 79872K, 0% used [0x00000000f5580000,0x00000000f5580000,0x00000000fa380000)
  from space 12288K, 99% used [0x00000000fb000000,0x00000000fbbfd7c8,0x00000000fbc00000)
  to   space 12800K, 0% used [0x00000000fa380000,0x00000000fa380000,0x00000000fb000000)
 ParOldGen       total 175104K, used 25971K [0x00000000e0000000, 0x00000000eab00000, 0x00000000f5580000)
  object space 175104K, 14% used [0x00000000e0000000,0x00000000e195cec8,0x00000000eab00000)
 Metaspace       used 57380K, capacity 58966K, committed 59096K, reserved 1099776K
  class space    used 7808K, capacity 8239K, committed 8320K, reserved 1048576K
}
Event: 34.057 GC heap before
{Heap before GC invocations=13 (full 3):
 PSYoungGen      total 92160K, used 12277K [0x00000000f5580000, 0x00000000fbf80000, 0x0000000100000000)
  eden space 79872K, 0% used [0x00000000f5580000,0x00000000f5580000,0x00000000fa380000)
  from space 12288K, 99% used [0x00000000fb000000,0x00000000fbbfd7c8,0x00000000fbc00000)
  to   space 12800K, 0% used [0x00000000fa380000,0x00000000fa380000,0x00000000fb000000)
 ParOldGen       total 175104K, used 25971K [0x00000000e0000000, 0x00000000eab00000, 0x00000000f5580000)
  object space 175104K, 14% used [0x00000000e0000000,0x00000000e195cec8,0x00000000eab00000)
 Metaspace       used 57380K, capacity 58966K, committed 59096K, reserved 1099776K
  class space    used 7808K, capacity 8239K, committed 8320K, reserved 1048576K
Event: 34.265 GC heap after
Heap after GC invocations=13 (full 3):
 PSYoungGen      total 92160K, used 0K [0x00000000f5580000, 0x00000000fbf80000, 0x0000000100000000)
  eden space 79872K, 0% used [0x00000000f5580000,0x00000000f5580000,0x00000000fa380000)
  from space 12288K, 0% used [0x00000000fb000000,0x00000000fb000000,0x00000000fbc00000)
  to   space 12800K, 0% used [0x00000000fa380000,0x00000000fa380000,0x00000000fb000000)
 ParOldGen       total 175104K, used 31811K [0x00000000e0000000, 0x00000000eab00000, 0x00000000f5580000)
  object space 175104K, 18% used [0x00000000e0000000,0x00000000e1f10fe0,0x00000000eab00000)
 Metaspace       used 57380K, capacity 58966K, committed 59096K, reserved 1099776K
  class space    used 7808K, capacity 8239K, committed 8320K, reserved 1048576K
}

